<?xml version="1.0" encoding="UTF-8"?>
<!-- Generated by org.testng.reporters.JUnitReportReporter -->
<testsuite skipped="0" hostname="DESKTOP-OMMHC59" name="com.qa.orangeHRM.testcases.EmpFileUpload" tests="1" failures="0" timestamp="2021-04-19T14:56:47 IST" time="23.309" errors="0">
  <testcase name="EmpFileUpload" time="23.309" classname="com.qa.orangeHRM.testcases.EmpFileUpload"/>
  <system-out/>
</testsuite> <!-- com.qa.orangeHRM.testcases.EmpFileUpload -->
